<?xml version="1.0" encoding="UTF-8"?>
<!-- Generated by org.testng.reporters.JUnitReportReporter -->
<testsuite skipped="1" hostname="NIKASH-PC" name="TestScripts.Home_Test" tests="2" failures="0" timestamp="13 May 2018 12:27:25 GMT" time="56.054" errors="0">
  <testcase name="verifyPriceFilter" time="56.054" classname="TestScripts.Home_Test"/>
  <testcase name="verifyBrandFilter" classname="TestScripts.Home_Test">
    <skipped/>
  </testcase> <!-- verifyBrandFilter -->
</testsuite> <!-- TestScripts.Home_Test -->
