<?xml version="1.0" encoding="UTF-8"?>
<!-- Generated by org.testng.reporters.JUnitReportReporter -->
<testsuite skipped="14" hostname="NIKASH-PC" name="Cart_Test" tests="16" failures="0" timestamp="25 Apr 2018 13:06:56 GMT" time="57.321" errors="0">
  <testcase name="verifyNeedHelpLinkNavigatesToAboutPage" time="29.454" classname="Cart_Test"/>
  <testcase name="verifyCartPageFooterLinksNavigateToTermsPage" time="27.867" classname="Cart_Test"/>
  <testcase name="verifyCartCountValueDisplayedCorrectly" classname="Cart_Test">
    <skipped/>
  </testcase> <!-- verifyCartCountValueDisplayedCorrectly -->
  <testcase name="verifyContinueShoppingNavigatesToHomepage" classname="Cart_Test">
    <skipped/>
  </testcase> <!-- verifyContinueShoppingNavigatesToHomepage -->
  <testcase name="verifySubtotalPriceChangedAfterQuantityChanged" classname="Cart_Test">
    <skipped/>
  </testcase> <!-- verifySubtotalPriceChangedAfterQuantityChanged -->
  <testcase name="verifyCheckOutBeforeSignIn" classname="Cart_Test">
    <skipped/>
  </testcase> <!-- verifyCheckOutBeforeSignIn -->
  <testcase name="verifyProductAddedToCart" classname="Cart_Test">
    <skipped/>
  </testcase> <!-- verifyProductAddedToCart -->
  <testcase name="verifyQuantityOfItemCanBeUpdatedInCart" classname="Cart_Test">
    <skipped/>
  </testcase> <!-- verifyQuantityOfItemCanBeUpdatedInCart -->
  <testcase name="verifyRemoveFromCart" classname="Cart_Test">
    <skipped/>
  </testcase> <!-- verifyRemoveFromCart -->
  <testcase name="verifySignUpLinkInCartNavigatesToUserRegistration" classname="Cart_Test">
    <skipped/>
  </testcase> <!-- verifySignUpLinkInCartNavigatesToUserRegistration -->
  <testcase name="verifyMultipleItemAddedToCart" classname="Cart_Test">
    <skipped/>
  </testcase> <!-- verifyMultipleItemAddedToCart -->
  <testcase name="verifyTotalPriceUpdatedAfterRemoveFromCart" classname="Cart_Test">
    <skipped/>
  </testcase> <!-- verifyTotalPriceUpdatedAfterRemoveFromCart -->
  <testcase name="verifyTheTotalPriceDisplayedCorrectly" classname="Cart_Test">
    <skipped/>
  </testcase> <!-- verifyTheTotalPriceDisplayedCorrectly -->
  <testcase name="verifyQantityDropDownNotExceedsMaxLimit" classname="Cart_Test">
    <skipped/>
  </testcase> <!-- verifyQantityDropDownNotExceedsMaxLimit -->
  <testcase name="verifySignInLinkInCartNavigatesToMemberLogin" classname="Cart_Test">
    <skipped/>
  </testcase> <!-- verifySignInLinkInCartNavigatesToMemberLogin -->
  <testcase name="verifyPriceIsMatchingInCart" classname="Cart_Test">
    <skipped/>
  </testcase> <!-- verifyPriceIsMatchingInCart -->
</testsuite> <!-- Cart_Test -->
