<?xml version="1.0" encoding="UTF-8"?>
<!-- Generated by org.testng.reporters.JUnitReportReporter -->
<testsuite skipped="1" hostname="NIKASH-PC" name="TestScripts.Cart_Test" tests="2" failures="0" timestamp="02 May 2018 12:55:28 GMT" time="15.654" errors="0">
  <testcase name="verify_MouseHoverOnCart_WhenCartEmpty" time="15.654" classname="TestScripts.Cart_Test"/>
  <testcase name="verifyCartPageFooterLinksNavigateToTermsPage" classname="TestScripts.Cart_Test">
    <skipped/>
  </testcase> <!-- verifyCartPageFooterLinksNavigateToTermsPage -->
</testsuite> <!-- TestScripts.Cart_Test -->
